<?xml version="1.0" encoding="UTF-8"?>
<testng-results skipped="0" failed="0" ignored="0" total="1" passed="1">
  <reporter-output>
  </reporter-output>
  <suite name="Default suite" duration-ms="30742" started-at="2020-09-03T18:31:30Z" finished-at="2020-09-03T18:32:01Z">
    <groups>
    </groups>
    <test name="Default test" duration-ms="30742" started-at="2020-09-03T18:31:30Z" finished-at="2020-09-03T18:32:01Z">
      <class name="com.ebanking.master.Exepom">
        <test-method status="PASS" signature="Admin()[pri:0, instance:com.ebanking.master.Exepom@457e2f02]" name="Admin" duration-ms="30696" started-at="2020-09-03T18:31:30Z" finished-at="2020-09-03T18:32:01Z">
          <reporter-output>
          </reporter-output>
        </test-method> <!-- Admin -->
      </class> <!-- com.ebanking.master.Exepom -->
    </test> <!-- Default test -->
  </suite> <!-- Default suite -->
</testng-results>
